<?xml version="1.0" encoding="UTF-8"?>
<!-- Generated by org.testng.reporters.JUnitReportReporter -->
<testsuite skipped="0" hostname="Dell1" name="demo.Test5WExtReports" tests="5" failures="0" timestamp="2021-08-24T09:47:29 BST" time="32.601" errors="0">
  <testcase name="test1" time="8.899" classname="demo.Test5WExtReports"/>
  <testcase name="test5" time="2.599" classname="demo.Test5WExtReports"/>
  <testcase name="test2" time="6.750" classname="demo.Test5WExtReports"/>
  <testcase name="test3" time="6.162" classname="demo.Test5WExtReports"/>
  <testcase name="test4" time="8.191" classname="demo.Test5WExtReports"/>
</testsuite> <!-- demo.Test5WExtReports -->
