<?xml version="1.0" encoding="UTF-8"?>
<!-- Generated by org.testng.reporters.JUnitReportReporter -->
<testsuite skipped="0" hostname="Dell1" name="demo.Test3" tests="1" failures="0" timestamp="2021-08-21T10:21:59 BST" time="23.315" errors="0">
  <testcase name="test1" time="23.315" classname="demo.Test3"/>
</testsuite> <!-- demo.Test3 -->
