<?xml version="1.0" encoding="UTF-8"?>
<!-- Generated by org.testng.reporters.JUnitReportReporter -->
<testsuite skipped="0" hostname="Dell1" name="demo.Test5WExtReports_Add2Cart_EmptyCart_DataDriven" tests="6" failures="0" timestamp="2021-08-26T14:44:29 BST" time="39.971" errors="0">
  <testcase name="test2" time="6.231" classname="demo.Test5WExtReports_Add2Cart_EmptyCart_DataDriven"/>
  <testcase name="test5" time="1.821" classname="demo.Test5WExtReports_Add2Cart_EmptyCart_DataDriven"/>
  <testcase name="test1" time="13.125" classname="demo.Test5WExtReports_Add2Cart_EmptyCart_DataDriven"/>
  <testcase name="test3" time="5.296" classname="demo.Test5WExtReports_Add2Cart_EmptyCart_DataDriven"/>
  <testcase name="test2" time="6.865" classname="demo.Test5WExtReports_Add2Cart_EmptyCart_DataDriven"/>
  <testcase name="test2" time="6.633" classname="demo.Test5WExtReports_Add2Cart_EmptyCart_DataDriven"/>
</testsuite> <!-- demo.Test5WExtReports_Add2Cart_EmptyCart_DataDriven -->
