<?xml version="1.0" encoding="UTF-8"?>
<!-- Generated by org.testng.reporters.JUnitReportReporter -->
<testsuite hostname="Dell1" failures="0" tests="6" name="demo.Test_HW_WExtReports_Add2Cart_EmptyCart_DataDriven" time="79.407" errors="0" timestamp="2021-12-13T15:41:26 GMT" skipped="0">
  <testcase classname="demo.Test_HW_WExtReports_Add2Cart_EmptyCart_DataDriven" name="test5" time="2.107"/>
  <testcase classname="demo.Test_HW_WExtReports_Add2Cart_EmptyCart_DataDriven" name="test2" time="8.871"/>
  <testcase classname="demo.Test_HW_WExtReports_Add2Cart_EmptyCart_DataDriven" name="test3" time="10.776"/>
  <testcase classname="demo.Test_HW_WExtReports_Add2Cart_EmptyCart_DataDriven" name="test2" time="8.346"/>
  <testcase classname="demo.Test_HW_WExtReports_Add2Cart_EmptyCart_DataDriven" name="test1" time="21.316"/>
  <testcase classname="demo.Test_HW_WExtReports_Add2Cart_EmptyCart_DataDriven" name="test2" time="27.991"/>
</testsuite> <!-- demo.Test_HW_WExtReports_Add2Cart_EmptyCart_DataDriven -->
