<?xml version="1.0" encoding="UTF-8"?>
<!-- Generated by org.testng.reporters.JUnitReportReporter -->
<testsuite skipped="0" hostname="Dell1" name="demo.Test5WExtReports_Order_Process_SagePayLegacy" tests="4" failures="0" timestamp="2021-08-25T13:30:41 BST" time="26.936" errors="0">
  <testcase name="test1" time="9.538" classname="demo.Test5WExtReports_Order_Process_SagePayLegacy"/>
  <testcase name="test5" time="1.912" classname="demo.Test5WExtReports_Order_Process_SagePayLegacy"/>
  <testcase name="test2" time="10.163" classname="demo.Test5WExtReports_Order_Process_SagePayLegacy"/>
  <testcase name="test3" time="5.323" classname="demo.Test5WExtReports_Order_Process_SagePayLegacy"/>
</testsuite> <!-- demo.Test5WExtReports_Order_Process_SagePayLegacy -->
