<?xml version="1.0" encoding="UTF-8"?>
<!-- Generated by org.testng.reporters.JUnitReportReporter -->
<testsuite skipped="0" hostname="Dell1" name="demo.ExtentReportsDemoWithTestNG2" tests="4" failures="0" timestamp="2021-08-24T08:47:59 BST" time="22.855" errors="0">
  <testcase name="test1" time="8.378" classname="demo.ExtentReportsDemoWithTestNG2"/>
  <testcase name="test4" time="1.625" classname="demo.ExtentReportsDemoWithTestNG2"/>
  <testcase name="test2" time="6.871" classname="demo.ExtentReportsDemoWithTestNG2"/>
  <testcase name="test3" time="5.981" classname="demo.ExtentReportsDemoWithTestNG2"/>
</testsuite> <!-- demo.ExtentReportsDemoWithTestNG2 -->
