<?xml version="1.0" encoding="UTF-8"?>
<!-- Generated by org.testng.reporters.JUnitReportReporter -->
<testsuite skipped="0" hostname="Dell1" name="demo.Test2" tests="1" failures="0" timestamp="2021-08-21T08:15:57 BST" time="26.414" errors="0">
  <testcase name="test1" time="26.414" classname="demo.Test2"/>
</testsuite> <!-- demo.Test2 -->
