<?xml version="1.0" encoding="UTF-8"?>
<!-- Generated by org.testng.reporters.JUnitReportReporter -->
<testsuite skipped="0" hostname="Dell1" name="demo.Test5WExtReports_Order_Process_SagePayLegacy_DataDriven" tests="4" failures="0" timestamp="2021-08-26T12:44:16 BST" time="28.611" errors="0">
  <testcase name="test2" time="6.985" classname="demo.Test5WExtReports_Order_Process_SagePayLegacy_DataDriven"/>
  <testcase name="test3" time="8.899" classname="demo.Test5WExtReports_Order_Process_SagePayLegacy_DataDriven"/>
  <testcase name="test5" time="1.546" classname="demo.Test5WExtReports_Order_Process_SagePayLegacy_DataDriven"/>
  <testcase name="test1" time="11.181" classname="demo.Test5WExtReports_Order_Process_SagePayLegacy_DataDriven"/>
</testsuite> <!-- demo.Test5WExtReports_Order_Process_SagePayLegacy_DataDriven -->
