<?xml version="1.0" encoding="UTF-8"?>
<!-- Generated by org.testng.reporters.JUnitReportReporter -->
<testsuite skipped="0" hostname="Dell1" name="demo.Test_HW_WExtReports_Add2Cart_EmptyCart_DataDriven" tests="6" failures="0" timestamp="2021-09-27T16:27:08 BST" time="54.737" errors="0">
  <testcase name="test1" time="12.220" classname="demo.Test_HW_WExtReports_Add2Cart_EmptyCart_DataDriven"/>
  <testcase name="test5" time="2.040" classname="demo.Test_HW_WExtReports_Add2Cart_EmptyCart_DataDriven"/>
  <testcase name="test2" time="10.594" classname="demo.Test_HW_WExtReports_Add2Cart_EmptyCart_DataDriven"/>
  <testcase name="test2" time="9.609" classname="demo.Test_HW_WExtReports_Add2Cart_EmptyCart_DataDriven"/>
  <testcase name="test3" time="5.940" classname="demo.Test_HW_WExtReports_Add2Cart_EmptyCart_DataDriven"/>
  <testcase name="test2" time="14.334" classname="demo.Test_HW_WExtReports_Add2Cart_EmptyCart_DataDriven"/>
</testsuite> <!-- demo.Test_HW_WExtReports_Add2Cart_EmptyCart_DataDriven -->
