<?xml version="1.0" encoding="UTF-8"?>
<!-- Generated by org.testng.reporters.JUnitReportReporter -->
<testsuite skipped="0" hostname="Dell1" name="demo.TestNGDependencyDemo" tests="3" failures="0" timestamp="2019-12-17T09:16:11 GMT" time="0.014" errors="0">
  <testcase name="test1" time="0.001" classname="demo.TestNGDependencyDemo"/>
  <testcase name="test2" time="0.012" classname="demo.TestNGDependencyDemo"/>
  <testcase name="test3" time="0.001" classname="demo.TestNGDependencyDemo"/>
</testsuite> <!-- demo.TestNGDependencyDemo -->
