<?xml version="1.0" encoding="UTF-8"?>
<!-- Generated by org.testng.reporters.JUnitReportReporter -->
<testsuite skipped="0" hostname="Dell1" name="utils.ExcelDataProvider" tests="3" failures="0" timestamp="2021-08-26T09:13:24 BST" time="8.826" errors="0">
  <testcase name="test1" time="2.510" classname="utils.ExcelDataProvider"/>
  <testcase name="test1" time="3.819" classname="utils.ExcelDataProvider"/>
  <testcase name="test1" time="2.497" classname="utils.ExcelDataProvider"/>
</testsuite> <!-- utils.ExcelDataProvider -->
