<?xml version="1.0" encoding="UTF-8"?>
<!-- Generated by org.testng.reporters.JUnitReportReporter -->
<testsuite skipped="0" hostname="Dell1" name="demo.Test4_W_Extent_Reports" tests="1" failures="0" timestamp="2021-08-21T11:48:53 BST" time="32.466" errors="0">
  <testcase name="test1" time="32.466" classname="demo.Test4_W_Extent_Reports"/>
</testsuite> <!-- demo.Test4_W_Extent_Reports -->
