<?xml version="1.0" encoding="UTF-8"?>
<!-- Generated by org.testng.reporters.JUnitReportReporter -->
<testsuite skipped="0" hostname="Dell1" name="test.TestNG_Demo" tests="1" failures="0" timestamp="2019-12-17T11:09:53 GMT" time="2.837" errors="0">
  <testcase name="googleSearch" time="2.837" classname="test.TestNG_Demo"/>
</testsuite> <!-- test.TestNG_Demo -->
