<?xml version="1.0" encoding="UTF-8"?>
<!-- Generated by org.testng.reporters.JUnitReportReporter -->
<testsuite skipped="0" hostname="Dell1" name="demo.Test_HW_WExtReports_Order_Process_SagePay_Legacy_Iframe" tests="5" failures="0" timestamp="2021-08-27T12:20:02 BST" time="61.141" errors="0">
  <testcase name="test1" time="22.848" classname="demo.Test_HW_WExtReports_Order_Process_SagePay_Legacy_Iframe"/>
  <testcase name="test4" time="10.583" classname="demo.Test_HW_WExtReports_Order_Process_SagePay_Legacy_Iframe"/>
  <testcase name="test3" time="17.325" classname="demo.Test_HW_WExtReports_Order_Process_SagePay_Legacy_Iframe"/>
  <testcase name="test5" time="1.561" classname="demo.Test_HW_WExtReports_Order_Process_SagePay_Legacy_Iframe"/>
  <testcase name="test2" time="8.824" classname="demo.Test_HW_WExtReports_Order_Process_SagePay_Legacy_Iframe"/>
</testsuite> <!-- demo.Test_HW_WExtReports_Order_Process_SagePay_Legacy_Iframe -->
