<?xml version="1.0" encoding="UTF-8"?>
<!-- Generated by org.testng.reporters.JUnitReportReporter -->
<testsuite skipped="0" hostname="Dell1" name="test.TestNG_Demo2" tests="2" failures="0" timestamp="2019-12-20T13:37:11 GMT" time="4.150" errors="0">
  <testcase name="googleSearch2" time="2.584" classname="test.TestNG_Demo2"/>
  <testcase name="googleSearch3" time="1.566" classname="test.TestNG_Demo2"/>
</testsuite> <!-- test.TestNG_Demo2 -->
