<?xml version="1.0" encoding="UTF-8"?>
<!-- Generated by org.testng.reporters.JUnitReportReporter -->
<testsuite skipped="0" hostname="Dell1" name="test.ExtentReportsDemoWithTestNG2" tests="4" failures="0" timestamp="2021-08-21T14:04:09 BST" time="28.684" errors="0">
  <testcase name="test1" time="11.337" classname="test.ExtentReportsDemoWithTestNG2"/>
  <testcase name="test4" time="1.854" classname="test.ExtentReportsDemoWithTestNG2"/>
  <testcase name="test2" time="9.550" classname="test.ExtentReportsDemoWithTestNG2"/>
  <testcase name="test3" time="5.943" classname="test.ExtentReportsDemoWithTestNG2"/>
</testsuite> <!-- test.ExtentReportsDemoWithTestNG2 -->
