<?xml version="1.0" encoding="UTF-8"?>
<!-- Generated by org.testng.reporters.JUnitReportReporter -->
<testsuite skipped="0" hostname="Dell1" name="demo.Test_HW_WExtReports_Add2Cart_EmptyCart_DataDriven_using_abstract" tests="6" failures="0" timestamp="2021-11-20T06:01:05 GMT" time="50.592" errors="0">
  <testcase name="test2" time="8.189" classname="demo.Test_HW_WExtReports_Add2Cart_EmptyCart_DataDriven_using_abstract"/>
  <testcase name="test2" time="9.941" classname="demo.Test_HW_WExtReports_Add2Cart_EmptyCart_DataDriven_using_abstract"/>
  <testcase name="test5" time="1.880" classname="demo.Test_HW_WExtReports_Add2Cart_EmptyCart_DataDriven_using_abstract"/>
  <testcase name="test1" time="15.040" classname="demo.Test_HW_WExtReports_Add2Cart_EmptyCart_DataDriven_using_abstract"/>
  <testcase name="test2" time="7.868" classname="demo.Test_HW_WExtReports_Add2Cart_EmptyCart_DataDriven_using_abstract"/>
  <testcase name="test3" time="7.674" classname="demo.Test_HW_WExtReports_Add2Cart_EmptyCart_DataDriven_using_abstract"/>
</testsuite> <!-- demo.Test_HW_WExtReports_Add2Cart_EmptyCart_DataDriven_using_abstract -->
